Log file open, 03/10/20 10:20:33
LogWindows: Failed to load 'aqProf.dll' (GetLastError=126)
LogWindows: File 'aqProf.dll' does not exist
LogWindows: Failed to load 'VtuneApi.dll' (GetLastError=126)
LogWindows: File 'VtuneApi.dll' does not exist
LogWindows: Failed to load 'VtuneApi32e.dll' (GetLastError=126)
LogWindows: File 'VtuneApi32e.dll' does not exist
LogConsoleResponse: Display: Failed to find resolution value strings in scalability ini. Falling back to default.
LogInit: Display: Running engine for game: Pràctica_1
LogPlatformFile: Not using cached read wrapper
LogTaskGraph: Started task graph with 5 named threads and 23 total threads with 3 sets of task threads.
LogStats: Stats thread started at 0.164182
LogD3D11RHI: Loaded GFSDK_Aftermath_Lib.x64.dll
LogICUInternationalization: ICU TimeZone Detection - Raw Offset: +1:00, Platform Override: ''
LogPluginManager: Mounting plugin Paper2D
LogPluginManager: Mounting plugin AISupport
LogPluginManager: Mounting plugin LightPropagationVolume
LogPluginManager: Mounting plugin ActorLayerUtilities
LogPluginManager: Mounting plugin AnimationSharing
LogPluginManager: Mounting plugin CLionSourceCodeAccess
LogPluginManager: Mounting plugin CodeLiteSourceCodeAccess
LogPluginManager: Mounting plugin GitSourceControl
LogPluginManager: Mounting plugin KDevelopSourceCodeAccess
LogPluginManager: Mounting plugin NullSourceCodeAccess
LogPluginManager: Mounting plugin PerforceSourceControl
LogPluginManager: Mounting plugin PlasticSourceControl
LogPluginManager: Mounting plugin SubversionSourceControl
LogPluginManager: Mounting plugin UObjectPlugin
LogPluginManager: Mounting plugin VisualStudioCodeSourceCodeAccess
LogPluginManager: Mounting plugin VisualStudioSourceCodeAccess
LogPluginManager: Mounting plugin XCodeSourceCodeAccess
LogPluginManager: Mounting plugin AssetManagerEditor
LogPluginManager: Mounting plugin CryptoKeys
LogPluginManager: Mounting plugin CurveEditorTools
LogPluginManager: Mounting plugin DataValidation
LogPluginManager: Mounting plugin FacialAnimation
LogPluginManager: Mounting plugin GameplayTagsEditor
LogPluginManager: Mounting plugin MacGraphicsSwitching
LogPluginManager: Mounting plugin MaterialAnalyzer
LogPluginManager: Mounting plugin MobileLauncherProfileWizard
LogPluginManager: Mounting plugin PluginBrowser
LogPluginManager: Mounting plugin SpeedTreeImporter
LogPluginManager: Mounting plugin DatasmithContent
LogPluginManager: Mounting plugin VariantManagerContent
LogPluginManager: Mounting plugin AlembicImporter
LogPluginManager: Mounting plugin AutomationUtils
LogPluginManager: Mounting plugin BackChannel
LogPluginManager: Mounting plugin CharacterAI
LogPluginManager: Mounting plugin GeometryCache
LogPluginManager: Mounting plugin PlatformCrypto
LogPluginManager: Mounting plugin ProxyLODPlugin
LogPluginManager: Mounting plugin SkeletalReduction
LogPluginManager: Mounting plugin MagicLeap
LogPluginManager: Mounting plugin MagicLeapMedia
LogPluginManager: Mounting plugin MLSDK
LogPluginManager: Mounting plugin AndroidMedia
LogPluginManager: Mounting plugin AvfMedia
LogPluginManager: Mounting plugin ImgMedia
LogPluginManager: Mounting plugin MediaCompositing
LogPluginManager: Mounting plugin MediaPlayerEditor
LogPluginManager: Mounting plugin WebMMedia
LogPluginManager: Mounting plugin WmfMedia
LogPluginManager: Mounting plugin TcpMessaging
LogPluginManager: Mounting plugin UdpMessaging
LogPluginManager: Mounting plugin ActorSequence
LogPluginManager: Mounting plugin LevelSequenceEditor
LogPluginManager: Mounting plugin MatineeToLevelSequence
LogPluginManager: Mounting plugin NetcodeUnitTest
LogPluginManager: Mounting plugin NUTUnrealEngine4
LogPluginManager: Mounting plugin OnlineSubsystemGooglePlay
LogPluginManager: Mounting plugin OnlineSubsystemIOS
LogPluginManager: Mounting plugin OnlineSubsystem
LogPluginManager: Mounting plugin OnlineSubsystemNull
LogPluginManager: Mounting plugin OnlineSubsystemUtils
LogPluginManager: Mounting plugin LauncherChunkInstaller
LogPluginManager: Mounting plugin AndroidDeviceProfileSelector
LogPluginManager: Mounting plugin AndroidMoviePlayer
LogPluginManager: Mounting plugin AndroidPermission
LogPluginManager: Mounting plugin AppleImageUtils
LogPluginManager: Mounting plugin AppleMoviePlayer
LogPluginManager: Mounting plugin ArchVisCharacter
LogPluginManager: Mounting plugin AssetTags
LogPluginManager: Mounting plugin AudioCapture
LogPluginManager: Mounting plugin CableComponent
LogPluginManager: Mounting plugin CustomMeshComponent
LogPluginManager: Mounting plugin EditableMesh
LogPluginManager: Mounting plugin ExampleDeviceProfileSelector
LogPluginManager: Mounting plugin GoogleCloudMessaging
LogPluginManager: Mounting plugin IOSDeviceProfileSelector
LogPluginManager: Mounting plugin LinuxDeviceProfileSelector
LogPluginManager: Mounting plugin LocationServicesBPLibrary
LogPluginManager: Mounting plugin MobilePatchingUtils
LogPluginManager: Mounting plugin OculusVR
LogPluginManager: Mounting plugin PhysXVehicles
LogPluginManager: Mounting plugin PostSplashScreen
LogPluginManager: Mounting plugin ProceduralMeshComponent
LogPluginManager: Mounting plugin RuntimePhysXCooking
LogPluginManager: Mounting plugin SignificanceManager
LogPluginManager: Mounting plugin SteamVR
LogPluginManager: Mounting plugin WebMMoviePlayer
LogPluginManager: Mounting plugin WindowsMoviePlayer
LogPluginManager: Mounting plugin ScreenshotTools
LogInit: Using libcurl 7.55.1-DEV
LogInit:  - built for x86_64-pc-win32
LogInit:  - supports SSL with OpenSSL/1.1.1
LogInit:  - supports HTTP deflate (compression) using libz 1.2.8
LogInit:  - other features:
LogInit:      CURL_VERSION_SSL
LogInit:      CURL_VERSION_LIBZ
LogInit:      CURL_VERSION_IPV6
LogInit:      CURL_VERSION_ASYNCHDNS
LogInit:      CURL_VERSION_LARGEFILE
LogInit:      CURL_VERSION_IDN
LogInit:  CurlRequestOptions (configurable via config and command line):
LogInit:  - bVerifyPeer = true  - Libcurl will verify peer certificate
LogInit:  - bUseHttpProxy = false  - Libcurl will NOT use HTTP proxy
LogInit:  - bDontReuseConnections = false  - Libcurl will reuse connections
LogInit:  - MaxHostConnections = 16  - Libcurl will limit the number of connections to a host
LogInit:  - LocalHostAddr = Default
LogInit:  - BufferSize = 65536
LogOnline: OSS: Creating online subsystem instance for: NULL
LogInit: WinSock: version 1.1 (2.2), MaxSocks=32767, MaxUdp=65467
LogOnline: OSS: TryLoadSubsystemAndSetDefault: Loaded subsystem for module [NULL]
LogInit: Build: ++UE4+Release-4.24-CL-10757647
LogInit: Engine Version: 4.24.1-10757647+++UE4+Release-4.24
LogInit: Compatible Engine Version: 4.24.0-10570792+++UE4+Release-4.24
LogInit: Net CL: 10570792
LogInit: OS: Windows 10 (Release 1809) (), CPU: Intel(R) Core(TM) i7-8565U CPU @ 1.80GHz, GPU: Intel(R) UHD Graphics 620
LogInit: Compiled (64-bit): Dec 17 2019 02:08:03
LogInit: Compiled with Visual C++: 19.16.27032.01
LogInit: Build Configuration: Development
LogInit: Branch Name: ++UE4+Release-4.24
LogInit: Command Line: 
LogInit: Base Directory: C:/Program Files/Epic Games/UE_4.24/Engine/Binaries/Win64/
LogInit: Installed Engine Build: 1
LogDevObjectVersion: Number of dev versions registered: 25
LogDevObjectVersion:   Dev-Blueprints (B0D832E4-1F89-4F0D-ACCF-7EB736FD4AA2): 10
LogDevObjectVersion:   Dev-Build (E1C64328-A22C-4D53-A36C-8E866417BD8C): 0
LogDevObjectVersion:   Dev-Core (375EC13C-06E4-48FB-B500-84F0262A717E): 3
LogDevObjectVersion:   Dev-Editor (E4B068ED-F494-42E9-A231-DA0B2E46BB41): 37
LogDevObjectVersion:   Dev-Framework (CFFC743F-43B0-4480-9391-14DF171D2073): 36
LogDevObjectVersion:   Dev-Mobile (B02B49B5-BB20-44E9-A304-32B752E40360): 2
LogDevObjectVersion:   Dev-Networking (A4E4105C-59A1-49B5-A7C5-40C4547EDFEE): 0
LogDevObjectVersion:   Dev-Online (39C831C9-5AE6-47DC-9A44-9C173E1C8E7C): 0
LogDevObjectVersion:   Dev-Physics (78F01B33-EBEA-4F98-B9B4-84EACCB95AA2): 2
LogDevObjectVersion:   Dev-Platform (6631380F-2D4D-43E0-8009-CF276956A95A): 0
LogDevObjectVersion:   Dev-Rendering (12F88B9F-8875-4AFC-A67C-D90C383ABD29): 36
LogDevObjectVersion:   Dev-Sequencer (7B5AE74C-D270-4C10-A958-57980B212A5A): 11
LogDevObjectVersion:   Dev-VR (D7296918-1DD6-4BDD-9DE2-64A83CC13884): 2
LogDevObjectVersion:   Dev-LoadTimes (C2A15278-BFE7-4AFE-6C17-90FF531DF755): 1
LogDevObjectVersion:   Private-Geometry (6EACA3D4-40EC-4CC1-B786-8BED09428FC5): 3
LogDevObjectVersion:   Dev-AnimPhys (29E575DD-E0A3-4627-9D10-D276232CDCEA): 17
LogDevObjectVersion:   Dev-Anim (AF43A65D-7FD3-4947-9873-3E8ED9C1BB05): 2
LogDevObjectVersion:   Dev-ReflectionCapture (6B266CEC-1EC7-4B8F-A30B-E4D90942FC07): 1
LogDevObjectVersion:   Dev-Automation (0DF73D61-A23F-47EA-B727-89E90C41499A): 1
LogDevObjectVersion:   FortniteMain (601D1886-AC64-4F84-AA16-D3DE0DEAC7D6): 31
LogDevObjectVersion:   Dev-Enterprise (9DFFBCD6-494F-0158-E221-12823C92A888): 8
LogDevObjectVersion:   Dev-Niagara (F2AED0AC-9AFE-416F-8664-AA7FFA26D6FC): 1
LogDevObjectVersion:   Dev-Destruction (174F1F0B-B4C6-45A5-B13F-2EE8D0FB917D): 9
LogDevObjectVersion:   Dev-Physics-Ext (35F94A83-E258-406C-A318-09F59610247C): 8
LogDevObjectVersion:   Dev-CineCamera (B2E18506-4273-CFC2-A54E-F4BB758BBA07): 1
LogInit: Presizing for max 25165824 objects, including 0 objects not considered by GC, pre-allocating 0 bytes for permanent pool.
LogInit: Object subsystem initialized
LogConfig: Setting CVar [[con.DebugEarlyDefault:1]]
LogConfig: Setting CVar [[r.setres:1280x720]]
[2020.03.10-09.20.34:370][  0]LogConfig: Setting CVar [[r.VSync:0]]
[2020.03.10-09.20.34:370][  0]LogConfig: Setting CVar [[r.RHICmdBypass:0]]
[2020.03.10-09.20.34:370][  0]LogConfig: Applying CVar settings from Section [/Script/Engine.RendererSettings] File [D:/Apunts/Motors/Motors-de-Joc/Pràctica_1/Saved/Config/Windows/Engine.ini]
[2020.03.10-09.20.34:371][  0]LogConfig: Setting CVar [[r.GPUCrashDebugging:0]]
[2020.03.10-09.20.34:371][  0]LogConfig: Applying CVar settings from Section [/Script/Engine.RendererOverrideSettings] File [D:/Apunts/Motors/Motors-de-Joc/Pràctica_1/Saved/Config/Windows/Engine.ini]
[2020.03.10-09.20.34:371][  0]LogConfig: Applying CVar settings from Section [/Script/Engine.StreamingSettings] File [D:/Apunts/Motors/Motors-de-Joc/Pràctica_1/Saved/Config/Windows/Engine.ini]
[2020.03.10-09.20.34:371][  0]LogConfig: Setting CVar [[s.MinBulkDataSizeForAsyncLoading:131072]]
[2020.03.10-09.20.34:371][  0]LogConfig: Setting CVar [[s.AsyncLoadingThreadEnabled:0]]
[2020.03.10-09.20.34:371][  0]LogConfig: Setting CVar [[s.EventDrivenLoaderEnabled:1]]
[2020.03.10-09.20.34:371][  0]LogConfig: Setting CVar [[s.WarnIfTimeLimitExceeded:0]]
[2020.03.10-09.20.34:371][  0]LogConfig: Setting CVar [[s.TimeLimitExceededMultiplier:1.5]]
[2020.03.10-09.20.34:371][  0]LogConfig: Setting CVar [[s.TimeLimitExceededMinTime:0.005]]
[2020.03.10-09.20.34:371][  0]LogConfig: Setting CVar [[s.UseBackgroundLevelStreaming:1]]
[2020.03.10-09.20.34:371][  0]LogConfig: Setting CVar [[s.PriorityAsyncLoadingExtraTime:15.0]]
[2020.03.10-09.20.34:371][  0]LogConfig: Setting CVar [[s.LevelStreamingActorsUpdateTimeLimit:5.0]]
[2020.03.10-09.20.34:371][  0]LogConfig: Setting CVar [[s.PriorityLevelStreamingActorsUpdateExtraTime:5.0]]
[2020.03.10-09.20.34:371][  0]LogConfig: Setting CVar [[s.LevelStreamingComponentsRegistrationGranularity:10]]
[2020.03.10-09.20.34:371][  0]LogConfig: Setting CVar [[s.UnregisterComponentsTimeLimit:1.0]]
[2020.03.10-09.20.34:371][  0]LogConfig: Setting CVar [[s.LevelStreamingComponentsUnregistrationGranularity:5]]
[2020.03.10-09.20.34:371][  0]LogConfig: Setting CVar [[s.FlushStreamingOnExit:1]]
[2020.03.10-09.20.34:371][  0]LogConfig: Applying CVar settings from Section [/Script/Engine.GarbageCollectionSettings] File [D:/Apunts/Motors/Motors-de-Joc/Pràctica_1/Saved/Config/Windows/Engine.ini]
[2020.03.10-09.20.34:371][  0]LogConfig: Setting CVar [[gc.MaxObjectsNotConsideredByGC:1]]
[2020.03.10-09.20.34:371][  0]LogConfig: Setting CVar [[gc.SizeOfPermanentObjectPool:0]]
[2020.03.10-09.20.34:371][  0]LogConfig: Setting CVar [[gc.FlushStreamingOnGC:0]]
[2020.03.10-09.20.34:371][  0]LogConfig: Setting CVar [[gc.NumRetriesBeforeForcingGC:10]]
[2020.03.10-09.20.34:371][  0]LogConfig: Setting CVar [[gc.AllowParallelGC:1]]
[2020.03.10-09.20.34:371][  0]LogConfig: Setting CVar [[gc.TimeBetweenPurgingPendingKillObjects:61.1]]
[2020.03.10-09.20.34:371][  0]LogConfig: Setting CVar [[gc.MaxObjectsInEditor:25165824]]
[2020.03.10-09.20.34:371][  0]LogConfig: Setting CVar [[gc.IncrementalBeginDestroyEnabled:1]]
[2020.03.10-09.20.34:371][  0]LogConfig: Setting CVar [[gc.CreateGCClusters:1]]
[2020.03.10-09.20.34:371][  0]LogConfig: Setting CVar [[gc.MinGCClusterSize:5]]
[2020.03.10-09.20.34:371][  0]LogConfig: Setting CVar [[gc.ActorClusteringEnabled:0]]
[2020.03.10-09.20.34:371][  0]LogConfig: Setting CVar [[gc.BlueprintClusteringEnabled:0]]
[2020.03.10-09.20.34:371][  0]LogConfig: Setting CVar [[gc.UseDisregardForGCOnDedicatedServers:0]]
[2020.03.10-09.20.34:371][  0]LogConfig: Applying CVar settings from Section [/Script/Engine.NetworkSettings] File [D:/Apunts/Motors/Motors-de-Joc/Pràctica_1/Saved/Config/Windows/Engine.ini]
[2020.03.10-09.20.34:371][  0]LogConfig: Applying CVar settings from Section [/Script/UnrealEd.CookerSettings] File [D:/Apunts/Motors/Motors-de-Joc/Pràctica_1/Saved/Config/Windows/Engine.ini]
[2020.03.10-09.20.34:379][  0]LogConfig: Applying CVar settings from Section [ViewDistanceQuality@3] File [D:/Apunts/Motors/Motors-de-Joc/Pràctica_1/Saved/Config/Windows/Scalability.ini]
[2020.03.10-09.20.34:379][  0]LogConfig: Setting CVar [[r.SkeletalMeshLODBias:0]]
[2020.03.10-09.20.34:379][  0]LogConfig: Setting CVar [[r.ViewDistanceScale:1.0]]
[2020.03.10-09.20.34:379][  0]LogConfig: Applying CVar settings from Section [AntiAliasingQuality@3] File [D:/Apunts/Motors/Motors-de-Joc/Pràctica_1/Saved/Config/Windows/Scalability.ini]
[2020.03.10-09.20.34:379][  0]LogConfig: Setting CVar [[r.PostProcessAAQuality:4]]
[2020.03.10-09.20.34:379][  0]LogConfig: Applying CVar settings from Section [ShadowQuality@3] File [D:/Apunts/Motors/Motors-de-Joc/Pràctica_1/Saved/Config/Windows/Scalability.ini]
[2020.03.10-09.20.34:379][  0]LogConfig: Setting CVar [[r.LightFunctionQuality:1]]
[2020.03.10-09.20.34:379][  0]LogConfig: Setting CVar [[r.ShadowQuality:5]]
[2020.03.10-09.20.34:379][  0]LogConfig: Setting CVar [[r.Shadow.CSM.MaxCascades:10]]
[2020.03.10-09.20.34:379][  0]LogConfig: Setting CVar [[r.Shadow.MaxResolution:2048]]
[2020.03.10-09.20.34:379][  0]LogConfig: Setting CVar [[r.Shadow.MaxCSMResolution:2048]]
[2020.03.10-09.20.34:379][  0]LogConfig: Setting CVar [[r.Shadow.RadiusThreshold:0.01]]
[2020.03.10-09.20.34:379][  0]LogConfig: Setting CVar [[r.Shadow.DistanceScale:1.0]]
[2020.03.10-09.20.34:379][  0]LogConfig: Setting CVar [[r.Shadow.CSM.TransitionScale:1.0]]
[2020.03.10-09.20.34:379][  0]LogConfig: Setting CVar [[r.Shadow.PreShadowResolutionFactor:1.0]]
[2020.03.10-09.20.34:379][  0]LogConfig: Setting CVar [[r.DistanceFieldShadowing:1]]
[2020.03.10-09.20.34:379][  0]LogConfig: Setting CVar [[r.DistanceFieldAO:1]]
[2020.03.10-09.20.34:379][  0]LogConfig: Setting CVar [[r.AOQuality:2]]
[2020.03.10-09.20.34:379][  0]LogConfig: Setting CVar [[r.VolumetricFog:1]]
[2020.03.10-09.20.34:379][  0]LogConfig: Setting CVar [[r.VolumetricFog.GridPixelSize:8]]
[2020.03.10-09.20.34:379][  0]LogConfig: Setting CVar [[r.VolumetricFog.GridSizeZ:128]]
[2020.03.10-09.20.34:379][  0]LogConfig: Setting CVar [[r.VolumetricFog.HistoryMissSupersampleCount:4]]
[2020.03.10-09.20.34:379][  0]LogConfig: Setting CVar [[r.LightMaxDrawDistanceScale:1]]
[2020.03.10-09.20.34:380][  0]LogConfig: Setting CVar [[r.CapsuleShadows:1]]
[2020.03.10-09.20.34:380][  0]LogConfig: Applying CVar settings from Section [PostProcessQuality@3] File [D:/Apunts/Motors/Motors-de-Joc/Pràctica_1/Saved/Config/Windows/Scalability.ini]
[2020.03.10-09.20.34:380][  0]LogConfig: Setting CVar [[r.MotionBlurQuality:4]]
[2020.03.10-09.20.34:380][  0]LogConfig: Setting CVar [[r.AmbientOcclusionMipLevelFactor:0.4]]
[2020.03.10-09.20.34:380][  0]LogConfig: Setting CVar [[r.AmbientOcclusionMaxQuality:100]]
[2020.03.10-09.20.34:380][  0]LogConfig: Setting CVar [[r.AmbientOcclusionLevels:-1]]
[2020.03.10-09.20.34:380][  0]LogConfig: Setting CVar [[r.AmbientOcclusionRadiusScale:1.0]]
[2020.03.10-09.20.34:380][  0]LogConfig: Setting CVar [[r.DepthOfFieldQuality:2]]
[2020.03.10-09.20.34:380][  0]LogConfig: Setting CVar [[r.RenderTargetPoolMin:400]]
[2020.03.10-09.20.34:380][  0]LogConfig: Setting CVar [[r.LensFlareQuality:2]]
[2020.03.10-09.20.34:380][  0]LogConfig: Setting CVar [[r.SceneColorFringeQuality:1]]
[2020.03.10-09.20.34:380][  0]LogConfig: Setting CVar [[r.EyeAdaptationQuality:2]]
[2020.03.10-09.20.34:380][  0]LogConfig: Setting CVar [[r.BloomQuality:5]]
[2020.03.10-09.20.34:380][  0]LogConfig: Setting CVar [[r.FastBlurThreshold:100]]
[2020.03.10-09.20.34:380][  0]LogConfig: Setting CVar [[r.Upscale.Quality:3]]
[2020.03.10-09.20.34:380][  0]LogConfig: Setting CVar [[r.Tonemapper.GrainQuantization:1]]
[2020.03.10-09.20.34:380][  0]LogConfig: Setting CVar [[r.LightShaftQuality:1]]
[2020.03.10-09.20.34:380][  0]LogConfig: Setting CVar [[r.Filter.SizeScale:1]]
[2020.03.10-09.20.34:380][  0]LogConfig: Setting CVar [[r.Tonemapper.Quality:5]]
[2020.03.10-09.20.34:380][  0]LogConfig: Setting CVar [[r.DOF.Gather.AccumulatorQuality:1        ; higher gathering accumulator quality]]
[2020.03.10-09.20.34:380][  0]LogConfig: Setting CVar [[r.DOF.Gather.PostfilterMethod:1          ; Median3x3 postfilering method]]
[2020.03.10-09.20.34:380][  0]LogConfig: Setting CVar [[r.DOF.Gather.EnableBokehSettings:0       ; no bokeh simulation when gathering]]
[2020.03.10-09.20.34:380][  0]LogConfig: Setting CVar [[r.DOF.Gather.RingCount:4                 ; medium number of samples when gathering]]
[2020.03.10-09.20.34:380][  0]LogConfig: Setting CVar [[r.DOF.Scatter.ForegroundCompositing:1    ; additive foreground scattering]]
[2020.03.10-09.20.34:380][  0]LogConfig: Setting CVar [[r.DOF.Scatter.BackgroundCompositing:2    ; additive background scattering]]
[2020.03.10-09.20.34:380][  0]LogConfig: Setting CVar [[r.DOF.Scatter.EnableBokehSettings:1      ; bokeh simulation when scattering]]
[2020.03.10-09.20.34:380][  0]LogConfig: Setting CVar [[r.DOF.Scatter.MaxSpriteRatio:0.1         ; only a maximum of 10% of scattered bokeh]]
[2020.03.10-09.20.34:380][  0]LogConfig: Setting CVar [[r.DOF.Recombine.Quality:1                ; cheap slight out of focus]]
[2020.03.10-09.20.34:380][  0]LogConfig: Setting CVar [[r.DOF.Recombine.EnableBokehSettings:0    ; no bokeh simulation on slight out of focus]]
[2020.03.10-09.20.34:380][  0]LogConfig: Setting CVar [[r.DOF.TemporalAAQuality:1                ; more stable temporal accumulation]]
[2020.03.10-09.20.34:380][  0]LogConfig: Setting CVar [[r.DOF.Kernel.MaxForegroundRadius:0.025]]
[2020.03.10-09.20.34:380][  0]LogConfig: Setting CVar [[r.DOF.Kernel.MaxBackgroundRadius:0.025]]
[2020.03.10-09.20.34:380][  0]LogConfig: Applying CVar settings from Section [TextureQuality@3] File [D:/Apunts/Motors/Motors-de-Joc/Pràctica_1/Saved/Config/Windows/Scalability.ini]
[2020.03.10-09.20.34:380][  0]LogConfig: Setting CVar [[r.Streaming.MipBias:0]]
[2020.03.10-09.20.34:380][  0]LogConfig: Setting CVar [[r.Streaming.AmortizeCPUToGPUCopy:0]]
[2020.03.10-09.20.34:380][  0]LogConfig: Setting CVar [[r.Streaming.MaxNumTexturesToStreamPerFrame:0]]
[2020.03.10-09.20.34:380][  0]LogConfig: Setting CVar [[r.Streaming.Boost:1]]
[2020.03.10-09.20.34:380][  0]LogConfig: Setting CVar [[r.MaxAnisotropy:8]]
[2020.03.10-09.20.34:380][  0]LogConfig: Setting CVar [[r.VT.MaxAnisotropy:8]]
[2020.03.10-09.20.34:380][  0]LogConfig: Setting CVar [[r.Streaming.LimitPoolSizeToVRAM:0]]
[2020.03.10-09.20.34:380][  0]LogConfig: Setting CVar [[r.Streaming.PoolSize:1000]]
[2020.03.10-09.20.34:381][  0]LogConfig: Setting CVar [[r.Streaming.MaxEffectiveScreenSize:0]]
[2020.03.10-09.20.34:381][  0]LogConfig: Applying CVar settings from Section [EffectsQuality@3] File [D:/Apunts/Motors/Motors-de-Joc/Pràctica_1/Saved/Config/Windows/Scalability.ini]
[2020.03.10-09.20.34:381][  0]LogConfig: Setting CVar [[r.TranslucencyLightingVolumeDim:64]]
[2020.03.10-09.20.34:381][  0]LogConfig: Setting CVar [[r.RefractionQuality:2]]
[2020.03.10-09.20.34:381][  0]LogConfig: Setting CVar [[r.SSR.Quality:3]]
[2020.03.10-09.20.34:381][  0]LogConfig: Setting CVar [[r.SSR.HalfResSceneColor:0]]
[2020.03.10-09.20.34:381][  0]LogConfig: Setting CVar [[r.SceneColorFormat:4]]
[2020.03.10-09.20.34:381][  0]LogConfig: Setting CVar [[r.DetailMode:2]]
[2020.03.10-09.20.34:381][  0]LogConfig: Setting CVar [[r.TranslucencyVolumeBlur:1]]
[2020.03.10-09.20.34:381][  0]LogConfig: Setting CVar [[r.MaterialQualityLevel:1 ; High quality]]
[2020.03.10-09.20.34:381][  0]LogConfig: Setting CVar [[r.SSS.Scale:1]]
[2020.03.10-09.20.34:381][  0]LogConfig: Setting CVar [[r.SSS.SampleSet:2]]
[2020.03.10-09.20.34:381][  0]LogConfig: Setting CVar [[r.SSS.Quality:1]]
[2020.03.10-09.20.34:381][  0]LogConfig: Setting CVar [[r.SSS.HalfRes:1]]
[2020.03.10-09.20.34:381][  0]LogConfig: Setting CVar [[r.SSGI.Quality:3]]
[2020.03.10-09.20.34:381][  0]LogConfig: Setting CVar [[r.EmitterSpawnRateScale:1.0]]
[2020.03.10-09.20.34:381][  0]LogConfig: Setting CVar [[r.ParticleLightQuality:2]]
[2020.03.10-09.20.34:381][  0]LogConfig: Setting CVar [[r.SkyAtmosphere.AerialPerspectiveLUT.FastApplyOnOpaque:1 ; Always have FastSkyLUT 1 in this case to avoid wrong sky]]
[2020.03.10-09.20.34:381][  0]LogConfig: Setting CVar [[r.SkyAtmosphere.AerialPerspectiveLUT.SampleCountPerSlice:1]]
[2020.03.10-09.20.34:381][  0]LogConfig: Setting CVar [[r.SkyAtmosphere.AerialPerspectiveLUT.DepthResolution:16.0]]
[2020.03.10-09.20.34:381][  0]LogConfig: Setting CVar [[r.SkyAtmosphere.FastSkyLUT:1]]
[2020.03.10-09.20.34:381][  0]LogConfig: Setting CVar [[r.SkyAtmosphere.FastSkyLUT.SampleCountMin:4.0]]
[2020.03.10-09.20.34:381][  0]LogConfig: Setting CVar [[r.SkyAtmosphere.FastSkyLUT.SampleCountMax:32.0]]
[2020.03.10-09.20.34:381][  0]LogConfig: Setting CVar [[r.SkyAtmosphere.SampleCountMin:4.0]]
[2020.03.10-09.20.34:381][  0]LogConfig: Setting CVar [[r.SkyAtmosphere.SampleCountMax:32.0]]
[2020.03.10-09.20.34:381][  0]LogConfig: Setting CVar [[r.SkyAtmosphere.TransmittanceLUT.UseSmallFormat:0]]
[2020.03.10-09.20.34:381][  0]LogConfig: Setting CVar [[r.SkyAtmosphere.TransmittanceLUT.SampleCount:10.0]]
[2020.03.10-09.20.34:381][  0]LogConfig: Setting CVar [[r.SkyAtmosphere.MultiScatteringLUT.SampleCount:15.0]]
[2020.03.10-09.20.34:381][  0]LogConfig: Applying CVar settings from Section [FoliageQuality@3] File [D:/Apunts/Motors/Motors-de-Joc/Pràctica_1/Saved/Config/Windows/Scalability.ini]
[2020.03.10-09.20.34:381][  0]LogConfig: Setting CVar [[foliage.DensityScale:1.0]]
[2020.03.10-09.20.34:381][  0]LogConfig: Setting CVar [[grass.DensityScale:1.0]]
[2020.03.10-09.20.34:381][  0]LogConfig: Applying CVar settings from Section [ShadingQuality@3] File [D:/Apunts/Motors/Motors-de-Joc/Pràctica_1/Saved/Config/Windows/Scalability.ini]
[2020.03.10-09.20.34:381][  0]LogConfig: Setting CVar [[r.HairStrands.SkyLighting.SampleCount:16]]
[2020.03.10-09.20.34:381][  0]LogConfig: Setting CVar [[r.HairStrands.SkyLighting.JitterIntegration:0]]
[2020.03.10-09.20.34:381][  0]LogConfig: Setting CVar [[r.HairStrands.SkyAO.SampleCount:16]]
[2020.03.10-09.20.34:381][  0]LogInit: Selected Device Profile: [Windows]
[2020.03.10-09.20.34:381][  0]LogInit: Applying CVar settings loaded from the selected device profile: [Windows]
[2020.03.10-09.20.34:386][  0]LogHAL: Display: Platform has ~ 16 GB [17060646912 / 17179869184 / 16], which maps to Larger [LargestMinGB=32, LargerMinGB=12, DefaultMinGB=8, SmallerMinGB=6, SmallestMinGB=0)
[2020.03.10-09.20.34:386][  0]LogInit: Going up to parent DeviceProfile []
[2020.03.10-09.20.34:386][  0]LogConfig: Applying CVar settings from Section [ViewDistanceQuality@3] File [D:/Apunts/Motors/Motors-de-Joc/Pràctica_1/Saved/Config/Windows/Scalability.ini]
[2020.03.10-09.20.34:386][  0]LogConfig: Setting CVar [[r.SkeletalMeshLODBias:0]]
[2020.03.10-09.20.34:386][  0]LogConfig: Setting CVar [[r.ViewDistanceScale:1.0]]
[2020.03.10-09.20.34:386][  0]LogConfig: Applying CVar settings from Section [AntiAliasingQuality@3] File [D:/Apunts/Motors/Motors-de-Joc/Pràctica_1/Saved/Config/Windows/Scalability.ini]
[2020.03.10-09.20.34:386][  0]LogConfig: Setting CVar [[r.PostProcessAAQuality:4]]
[2020.03.10-09.20.34:386][  0]LogConfig: Applying CVar settings from Section [ShadowQuality@3] File [D:/Apunts/Motors/Motors-de-Joc/Pràctica_1/Saved/Config/Windows/Scalability.ini]
[2020.03.10-09.20.34:386][  0]LogConfig: Setting CVar [[r.LightFunctionQuality:1]]
[2020.03.10-09.20.34:386][  0]LogConfig: Setting CVar [[r.ShadowQuality:5]]
[2020.03.10-09.20.34:386][  0]LogConfig: Setting CVar [[r.Shadow.CSM.MaxCascades:10]]
[2020.03.10-09.20.34:386][  0]LogConfig: Setting CVar [[r.Shadow.MaxResolution:2048]]
[2020.03.10-09.20.34:386][  0]LogConfig: Setting CVar [[r.Shadow.MaxCSMResolution:2048]]
[2020.03.10-09.20.34:386][  0]LogConfig: Setting CVar [[r.Shadow.RadiusThreshold:0.01]]
[2020.03.10-09.20.34:386][  0]LogConfig: Setting CVar [[r.Shadow.DistanceScale:1.0]]
[2020.03.10-09.20.34:386][  0]LogConfig: Setting CVar [[r.Shadow.CSM.TransitionScale:1.0]]
[2020.03.10-09.20.34:386][  0]LogConfig: Setting CVar [[r.Shadow.PreShadowResolutionFactor:1.0]]
[2020.03.10-09.20.34:386][  0]LogConfig: Setting CVar [[r.DistanceFieldShadowing:1]]
[2020.03.10-09.20.34:387][  0]LogConfig: Setting CVar [[r.DistanceFieldAO:1]]
[2020.03.10-09.20.34:387][  0]LogConfig: Setting CVar [[r.AOQuality:2]]
[2020.03.10-09.20.34:387][  0]LogConfig: Setting CVar [[r.VolumetricFog:1]]
[2020.03.10-09.20.34:387][  0]LogConfig: Setting CVar [[r.VolumetricFog.GridPixelSize:8]]
[2020.03.10-09.20.34:387][  0]LogConfig: Setting CVar [[r.VolumetricFog.GridSizeZ:128]]
[2020.03.10-09.20.34:387][  0]LogConfig: Setting CVar [[r.VolumetricFog.HistoryMissSupersampleCount:4]]
[2020.03.10-09.20.34:387][  0]LogConfig: Setting CVar [[r.LightMaxDrawDistanceScale:1]]
[2020.03.10-09.20.34:387][  0]LogConfig: Setting CVar [[r.CapsuleShadows:1]]
[2020.03.10-09.20.34:387][  0]LogConfig: Applying CVar settings from Section [PostProcessQuality@3] File [D:/Apunts/Motors/Motors-de-Joc/Pràctica_1/Saved/Config/Windows/Scalability.ini]
[2020.03.10-09.20.34:387][  0]LogConfig: Setting CVar [[r.MotionBlurQuality:4]]
[2020.03.10-09.20.34:387][  0]LogConfig: Setting CVar [[r.AmbientOcclusionMipLevelFactor:0.4]]
[2020.03.10-09.20.34:387][  0]LogConfig: Setting CVar [[r.AmbientOcclusionMaxQuality:100]]
[2020.03.10-09.20.34:387][  0]LogConfig: Setting CVar [[r.AmbientOcclusionLevels:-1]]
[2020.03.10-09.20.34:387][  0]LogConfig: Setting CVar [[r.AmbientOcclusionRadiusScale:1.0]]
[2020.03.10-09.20.34:387][  0]LogConfig: Setting CVar [[r.DepthOfFieldQuality:2]]
[2020.03.10-09.20.34:387][  0]LogConfig: Setting CVar [[r.RenderTargetPoolMin:400]]
[2020.03.10-09.20.34:387][  0]LogConfig: Setting CVar [[r.LensFlareQuality:2]]
[2020.03.10-09.20.34:387][  0]LogConfig: Setting CVar [[r.SceneColorFringeQuality:1]]
[2020.03.10-09.20.34:387][  0]LogConfig: Setting CVar [[r.EyeAdaptationQuality:2]]
[2020.03.10-09.20.34:387][  0]LogConfig: Setting CVar [[r.BloomQuality:5]]
[2020.03.10-09.20.34:387][  0]LogConfig: Setting CVar [[r.FastBlurThreshold:100]]
[2020.03.10-09.20.34:387][  0]LogConfig: Setting CVar [[r.Upscale.Quality:3]]
[2020.03.10-09.20.34:387][  0]LogConfig: Setting CVar [[r.Tonemapper.GrainQuantization:1]]
[2020.03.10-09.20.34:387][  0]LogConfig: Setting CVar [[r.LightShaftQuality:1]]
[2020.03.10-09.20.34:387][  0]LogConfig: Setting CVar [[r.Filter.SizeScale:1]]
[2020.03.10-09.20.34:387][  0]LogConfig: Setting CVar [[r.Tonemapper.Quality:5]]
[2020.03.10-09.20.34:387][  0]LogConfig: Setting CVar [[r.DOF.Gather.AccumulatorQuality:1        ; higher gathering accumulator quality]]
[2020.03.10-09.20.34:387][  0]LogConfig: Setting CVar [[r.DOF.Gather.PostfilterMethod:1          ; Median3x3 postfilering method]]
[2020.03.10-09.20.34:387][  0]LogConfig: Setting CVar [[r.DOF.Gather.EnableBokehSettings:0       ; no bokeh simulation when gathering]]
[2020.03.10-09.20.34:387][  0]LogConfig: Setting CVar [[r.DOF.Gather.RingCount:4                 ; medium number of samples when gathering]]
[2020.03.10-09.20.34:387][  0]LogConfig: Setting CVar [[r.DOF.Scatter.ForegroundCompositing:1    ; additive foreground scattering]]
[2020.03.10-09.20.34:387][  0]LogConfig: Setting CVar [[r.DOF.Scatter.BackgroundCompositing:2    ; additive background scattering]]
[2020.03.10-09.20.34:387][  0]LogConfig: Setting CVar [[r.DOF.Scatter.EnableBokehSettings:1      ; bokeh simulation when scattering]]
[2020.03.10-09.20.34:387][  0]LogConfig: Setting CVar [[r.DOF.Scatter.MaxSpriteRatio:0.1         ; only a maximum of 10% of scattered bokeh]]
[2020.03.10-09.20.34:387][  0]LogConfig: Setting CVar [[r.DOF.Recombine.Quality:1                ; cheap slight out of focus]]
[2020.03.10-09.20.34:387][  0]LogConfig: Setting CVar [[r.DOF.Recombine.EnableBokehSettings:0    ; no bokeh simulation on slight out of focus]]
[2020.03.10-09.20.34:387][  0]LogConfig: Setting CVar [[r.DOF.TemporalAAQuality:1                ; more stable temporal accumulation]]
[2020.03.10-09.20.34:387][  0]LogConfig: Setting CVar [[r.DOF.Kernel.MaxForegroundRadius:0.025]]
[2020.03.10-09.20.34:387][  0]LogConfig: Setting CVar [[r.DOF.Kernel.MaxBackgroundRadius:0.025]]
[2020.03.10-09.20.34:387][  0]LogConfig: Applying CVar settings from Section [TextureQuality@3] File [D:/Apunts/Motors/Motors-de-Joc/Pràctica_1/Saved/Config/Windows/Scalability.ini]
[2020.03.10-09.20.34:388][  0]LogConfig: Setting CVar [[r.Streaming.MipBias:0]]
[2020.03.10-09.20.34:388][  0]LogConfig: Setting CVar [[r.Streaming.AmortizeCPUToGPUCopy:0]]
[2020.03.10-09.20.34:388][  0]LogConfig: Setting CVar [[r.Streaming.MaxNumTexturesToStreamPerFrame:0]]
[2020.03.10-09.20.34:388][  0]LogConfig: Setting CVar [[r.Streaming.Boost:1]]
[2020.03.10-09.20.34:388][  0]LogConfig: Setting CVar [[r.MaxAnisotropy:8]]
[2020.03.10-09.20.34:388][  0]LogConfig: Setting CVar [[r.VT.MaxAnisotropy:8]]
[2020.03.10-09.20.34:388][  0]LogConfig: Setting CVar [[r.Streaming.LimitPoolSizeToVRAM:0]]
[2020.03.10-09.20.34:388][  0]LogConfig: Setting CVar [[r.Streaming.PoolSize:1000]]
[2020.03.10-09.20.34:388][  0]LogConfig: Setting CVar [[r.Streaming.MaxEffectiveScreenSize:0]]
[2020.03.10-09.20.34:388][  0]LogConfig: Applying CVar settings from Section [EffectsQuality@3] File [D:/Apunts/Motors/Motors-de-Joc/Pràctica_1/Saved/Config/Windows/Scalability.ini]
[2020.03.10-09.20.34:388][  0]LogConfig: Setting CVar [[r.TranslucencyLightingVolumeDim:64]]
[2020.03.10-09.20.34:388][  0]LogConfig: Setting CVar [[r.RefractionQuality:2]]
[2020.03.10-09.20.34:388][  0]LogConfig: Setting CVar [[r.SSR.Quality:3]]
[2020.03.10-09.20.34:388][  0]LogConfig: Setting CVar [[r.SSR.HalfResSceneColor:0]]
[2020.03.10-09.20.34:388][  0]LogConfig: Setting CVar [[r.SceneColorFormat:4]]
[2020.03.10-09.20.34:388][  0]LogConfig: Setting CVar [[r.DetailMode:2]]
[2020.03.10-09.20.34:388][  0]LogConfig: Setting CVar [[r.TranslucencyVolumeBlur:1]]
[2020.03.10-09.20.34:388][  0]LogConfig: Setting CVar [[r.MaterialQualityLevel:1 ; High quality]]
[2020.03.10-09.20.34:388][  0]LogConfig: Setting CVar [[r.SSS.Scale:1]]
[2020.03.10-09.20.34:388][  0]LogConfig: Setting CVar [[r.SSS.SampleSet:2]]
[2020.03.10-09.20.34:388][  0]LogConfig: Setting CVar [[r.SSS.Quality:1]]
[2020.03.10-09.20.34:388][  0]LogConfig: Setting CVar [[r.SSS.HalfRes:1]]
[2020.03.10-09.20.34:388][  0]LogConfig: Setting CVar [[r.SSGI.Quality:3]]
[2020.03.10-09.20.34:388][  0]LogConfig: Setting CVar [[r.EmitterSpawnRateScale:1.0]]
[2020.03.10-09.20.34:388][  0]LogConfig: Setting CVar [[r.ParticleLightQuality:2]]
[2020.03.10-09.20.34:388][  0]LogConfig: Setting CVar [[r.SkyAtmosphere.AerialPerspectiveLUT.FastApplyOnOpaque:1 ; Always have FastSkyLUT 1 in this case to avoid wrong sky]]
[2020.03.10-09.20.34:388][  0]LogConfig: Setting CVar [[r.SkyAtmosphere.AerialPerspectiveLUT.SampleCountPerSlice:1]]
[2020.03.10-09.20.34:388][  0]LogConfig: Setting CVar [[r.SkyAtmosphere.AerialPerspectiveLUT.DepthResolution:16.0]]
[2020.03.10-09.20.34:388][  0]LogConfig: Setting CVar [[r.SkyAtmosphere.FastSkyLUT:1]]
[2020.03.10-09.20.34:388][  0]LogConfig: Setting CVar [[r.SkyAtmosphere.FastSkyLUT.SampleCountMin:4.0]]
[2020.03.10-09.20.34:388][  0]LogConfig: Setting CVar [[r.SkyAtmosphere.FastSkyLUT.SampleCountMax:32.0]]
[2020.03.10-09.20.34:388][  0]LogConfig: Setting CVar [[r.SkyAtmosphere.SampleCountMin:4.0]]
[2020.03.10-09.20.34:388][  0]LogConfig: Setting CVar [[r.SkyAtmosphere.SampleCountMax:32.0]]
[2020.03.10-09.20.34:388][  0]LogConfig: Setting CVar [[r.SkyAtmosphere.TransmittanceLUT.UseSmallFormat:0]]
[2020.03.10-09.20.34:388][  0]LogConfig: Setting CVar [[r.SkyAtmosphere.TransmittanceLUT.SampleCount:10.0]]
[2020.03.10-09.20.34:388][  0]LogConfig: Setting CVar [[r.SkyAtmosphere.MultiScatteringLUT.SampleCount:15.0]]
[2020.03.10-09.20.34:388][  0]LogConfig: Applying CVar settings from Section [FoliageQuality@3] File [D:/Apunts/Motors/Motors-de-Joc/Pràctica_1/Saved/Config/Windows/Scalability.ini]
[2020.03.10-09.20.34:388][  0]LogConfig: Setting CVar [[foliage.DensityScale:1.0]]
[2020.03.10-09.20.34:388][  0]LogConfig: Setting CVar [[grass.DensityScale:1.0]]
[2020.03.10-09.20.34:388][  0]LogConfig: Applying CVar settings from Section [ShadingQuality@3] File [D:/Apunts/Motors/Motors-de-Joc/Pràctica_1/Saved/Config/Windows/Scalability.ini]
[2020.03.10-09.20.34:388][  0]LogConfig: Setting CVar [[r.HairStrands.SkyLighting.SampleCount:16]]
[2020.03.10-09.20.34:389][  0]LogConfig: Setting CVar [[r.HairStrands.SkyLighting.JitterIntegration:0]]
[2020.03.10-09.20.34:389][  0]LogConfig: Setting CVar [[r.HairStrands.SkyAO.SampleCount:16]]
[2020.03.10-09.20.34:389][  0]LogConfig: Applying CVar settings from Section [Startup] File [../../../Engine/Config/ConsoleVariables.ini]
[2020.03.10-09.20.34:389][  0]LogConfig: Setting CVar [[net.UseAdaptiveNetUpdateFrequency:0]]
[2020.03.10-09.20.34:389][  0]LogConfig: Setting CVar [[p.chaos.AllowCreatePhysxBodies:1]]
[2020.03.10-09.20.34:389][  0]LogConfig: Applying CVar settings from Section [ConsoleVariables] File [D:/Apunts/Motors/Motors-de-Joc/Pràctica_1/Saved/Config/Windows/Engine.ini]
[2020.03.10-09.20.34:389][  0]LogInit: Computer: CHALSER-PC
[2020.03.10-09.20.34:389][  0]LogInit: User: carle
[2020.03.10-09.20.34:389][  0]LogInit: CPU Page size=4096, Cores=4
[2020.03.10-09.20.34:389][  0]LogInit: High frequency timer resolution =10.000000 MHz
[2020.03.10-09.20.34:390][  0]LogMemory: Memory total: Physical=15.9GB (16GB approx)
[2020.03.10-09.20.34:390][  0]LogMemory: Platform Memory Stats for Windows
[2020.03.10-09.20.34:390][  0]LogMemory: Process Physical Memory: 105.29 MB used, 105.29 MB peak
[2020.03.10-09.20.34:390][  0]LogMemory: Process Virtual Memory: 100.39 MB used, 100.39 MB peak
[2020.03.10-09.20.34:390][  0]LogMemory: Physical Memory: 7132.63 MB used,  9137.68 MB free, 16270.30 MB total
[2020.03.10-09.20.34:390][  0]LogMemory: Virtual Memory: 5117.59 MB used,  134212608.00 MB free, 134217728.00 MB total
[2020.03.10-09.20.34:395][  0]LogWindows: WindowsPlatformFeatures enabled
[2020.03.10-09.20.34:433][  0]LogInit: Overriding language with editor language configuration option (en).
[2020.03.10-09.20.34:433][  0]LogInit: Overriding locale with editor culture configuration option ().
[2020.03.10-09.20.34:433][  0]LogInit: Using OS detected locale (es-ES).
[2020.03.10-09.20.34:706][  0]LogInit: Setting process to per monitor DPI aware
[2020.03.10-09.20.34:746][  0]LogSlate: New Slate User Created.  User Index 0, Is Virtual User: 0
[2020.03.10-09.20.34:746][  0]LogSlate: Slate User Registered.  User Index 0, Is Virtual User: 0
[2020.03.10-09.20.35:106][  0]LogHMD: Failed to initialize OpenVR with code 110
[2020.03.10-09.20.35:106][  0]LogD3D11RHI: D3D11 min allowed feature level: 11_0
[2020.03.10-09.20.35:106][  0]LogD3D11RHI: D3D11 max allowed feature level: 11_0
[2020.03.10-09.20.35:106][  0]LogD3D11RHI: D3D11 adapters:
[2020.03.10-09.20.35:232][  0]LogD3D11RHI:    0. 'NVIDIA GeForce MX130' (Feature Level 11_0)
[2020.03.10-09.20.35:232][  0]LogD3D11RHI:       4055/0/8135 MB DedicatedVideo/DedicatedSystem/SharedSystem, Outputs:2, VendorId:0x10de
[2020.03.10-09.20.35:258][  0]LogD3D11RHI:    1. 'Intel(R) UHD Graphics 620' (Feature Level 11_0)
[2020.03.10-09.20.35:258][  0]LogD3D11RHI:       128/0/8135 MB DedicatedVideo/DedicatedSystem/SharedSystem, Outputs:0, VendorId:0x8086
[2020.03.10-09.20.35:263][  0]LogD3D11RHI:    2. 'Microsoft Basic Render Driver' (Feature Level 11_0)
[2020.03.10-09.20.35:263][  0]LogD3D11RHI:       0/0/8135 MB DedicatedVideo/DedicatedSystem/SharedSystem, Outputs:0, VendorId:0x1414
[2020.03.10-09.20.35:263][  0]LogD3D11RHI: Chosen D3D11 Adapter: 0
[2020.03.10-09.20.35:311][  0]LogD3D11RHI: Creating new Direct3DDevice
[2020.03.10-09.20.35:311][  0]LogD3D11RHI:     GPU DeviceId: 0x174d (for the marketing name, search the web for "GPU Device Id")
[2020.03.10-09.20.35:311][  0]LogWindows: EnumDisplayDevices:
[2020.03.10-09.20.35:311][  0]LogWindows:    0. 'Intel(R) UHD Graphics 620' (P:1 D:1)
[2020.03.10-09.20.35:312][  0]LogWindows:    1. 'Intel(R) UHD Graphics 620' (P:0 D:1)
[2020.03.10-09.20.35:312][  0]LogWindows:    2. 'Intel(R) UHD Graphics 620' (P:0 D:0)
[2020.03.10-09.20.35:313][  0]LogWindows: DebugString: PrimaryIsNotTheChoosenAdapter PrimaryIsNotTheChoosenAdapter PrimaryIsNotTheChoosenAdapter FoundDriverCount:0 
[2020.03.10-09.20.35:313][  0]LogD3D11RHI:     Adapter Name: NVIDIA GeForce MX130
[2020.03.10-09.20.35:313][  0]LogD3D11RHI:   Driver Version: Unknown (internal:Unknown, unified:Unknown)
[2020.03.10-09.20.35:313][  0]LogD3D11RHI:      Driver Date: Unknown
[2020.03.10-09.20.35:313][  0]LogRHI: Texture pool is 2839 MB (70% of 4055 MB)
[2020.03.10-09.20.35:401][  0]LogD3D11RHI: RHI has support for 64 bit atomics
[2020.03.10-09.20.35:401][  0]LogD3D11RHI: Async texture creation enabled
[2020.03.10-09.20.35:427][  0]LogD3D11RHI: GPU Timing Frequency: 1000.000000 (Debug: 2 2)
[2020.03.10-09.20.36:035][  0]LogTargetPlatformManager: Display: Loaded TargetPlatform 'AllDesktop'
[2020.03.10-09.20.36:089][  0]LogTargetPlatformManager: Display: Loaded TargetPlatform 'Android'
[2020.03.10-09.20.36:089][  0]LogTargetPlatformManager: Display: Loaded TargetPlatform 'Android_ASTC'
[2020.03.10-09.20.36:089][  0]LogTargetPlatformManager: Display: Loaded TargetPlatform 'Android_ATC'
[2020.03.10-09.20.36:090][  0]LogTargetPlatformManager: Display: Loaded TargetPlatform 'Android_DXT'
[2020.03.10-09.20.36:090][  0]LogTargetPlatformManager: Display: Loaded TargetPlatform 'Android_ETC1'
[2020.03.10-09.20.36:090][  0]LogTargetPlatformManager: Display: Loaded TargetPlatform 'Android_ETC1a'
[2020.03.10-09.20.36:090][  0]LogTargetPlatformManager: Display: Loaded TargetPlatform 'Android_ETC2'
[2020.03.10-09.20.36:090][  0]LogTargetPlatformManager: Display: Loaded TargetPlatform 'Android_PVRTC'
[2020.03.10-09.20.36:090][  0]LogTargetPlatformManager: Display: Loaded TargetPlatform 'AndroidClient'
[2020.03.10-09.20.36:090][  0]LogTargetPlatformManager: Display: Loaded TargetPlatform 'Android_ASTCClient'
[2020.03.10-09.20.36:090][  0]LogTargetPlatformManager: Display: Loaded TargetPlatform 'Android_ATCClient'
[2020.03.10-09.20.36:090][  0]LogTargetPlatformManager: Display: Loaded TargetPlatform 'Android_DXTClient'
[2020.03.10-09.20.36:090][  0]LogTargetPlatformManager: Display: Loaded TargetPlatform 'Android_ETC1Client'
[2020.03.10-09.20.36:090][  0]LogTargetPlatformManager: Display: Loaded TargetPlatform 'Android_ETC1aClient'
[2020.03.10-09.20.36:090][  0]LogTargetPlatformManager: Display: Loaded TargetPlatform 'Android_ETC2Client'
[2020.03.10-09.20.36:090][  0]LogTargetPlatformManager: Display: Loaded TargetPlatform 'Android_PVRTCClient'
[2020.03.10-09.20.36:090][  0]LogTargetPlatformManager: Display: Loaded TargetPlatform 'Android_Multi'
[2020.03.10-09.20.36:090][  0]LogTargetPlatformManager: Display: Loaded TargetPlatform 'Android_MultiClient'
[2020.03.10-09.20.36:124][  0]LogTargetPlatformManager: Display: Loaded TargetPlatform 'IOSClient'
[2020.03.10-09.20.36:124][  0]LogTargetPlatformManager: Display: Loaded TargetPlatform 'IOS'
[2020.03.10-09.20.36:137][  0]LogTargetPlatformManager: Display: Loaded TargetPlatform 'LinuxNoEditor'
[2020.03.10-09.20.36:151][  0]LogTargetPlatformManager: Display: Loaded TargetPlatform 'LinuxClient'
[2020.03.10-09.20.36:165][  0]LogTargetPlatformManager: Display: Loaded TargetPlatform 'LinuxServer'
[2020.03.10-09.20.36:178][  0]LogTargetPlatformManager: Display: Loaded TargetPlatform 'LinuxAArch64NoEditor'
[2020.03.10-09.20.36:191][  0]LogTargetPlatformManager: Display: Loaded TargetPlatform 'LinuxAArch64Client'
[2020.03.10-09.20.36:204][  0]LogTargetPlatformManager: Display: Loaded TargetPlatform 'LinuxAArch64Server'
[2020.03.10-09.20.36:248][  0]LogTargetPlatformManager: Display: Loaded TargetPlatform 'Lumin'
[2020.03.10-09.20.36:248][  0]LogTargetPlatformManager: Display: Loaded TargetPlatform 'LuminClient'
[2020.03.10-09.20.36:273][  0]LogTargetPlatformManager: Display: Loaded TargetPlatform 'TVOSClient'
[2020.03.10-09.20.36:273][  0]LogTargetPlatformManager: Display: Loaded TargetPlatform 'TVOS'
[2020.03.10-09.20.36:286][  0]LogTargetPlatformManager: Display: Loaded TargetPlatform 'WindowsNoEditor'
[2020.03.10-09.20.36:303][  0]LogTargetPlatformManager: Display: Loaded TargetPlatform 'Windows'
[2020.03.10-09.20.36:316][  0]LogTargetPlatformManager: Display: Loaded TargetPlatform 'WindowsClient'
[2020.03.10-09.20.36:328][  0]LogTargetPlatformManager: Display: Loaded TargetPlatform 'WindowsServer'
[2020.03.10-09.20.36:328][  0]LogTargetPlatformManager: Display: Building Assets For Windows
[2020.03.10-09.20.36:335][  0]LogAudioDebug: Display: Lib vorbis DLL was dynamically loaded.
[2020.03.10-09.20.36:382][  0]LogShaderCompilers: Guid format shader working directory is 5 characters bigger than the processId version (D:/Apunts/Motors/Motors-de-Joc/Pràctica_1/Intermediate/Shaders/WorkingDirectory/9972/).
[2020.03.10-09.20.36:382][  0]LogShaderCompilers: Cleaned the shader compiler working directory 'C:/Users/carle/AppData/Local/Temp/UnrealShaderWorkingDir/FA96DEA544145327C18B0A811B47EE79/'.
[2020.03.10-09.20.36:383][  0]LogXGEController: Cannot use XGE Controller as Incredibuild is not installed on this machine.
[2020.03.10-09.20.36:383][  0]LogShaderCompilers: Cannot use XGE Shader Compiler as Incredibuild is not installed on this machine.
[2020.03.10-09.20.36:383][  0]LogShaderCompilers: Display: Using Local Shader Compiler.
[2020.03.10-09.20.37:885][  0]LogDerivedDataCache: Display: Max Cache Size: 512 MB
[2020.03.10-09.20.37:973][  0]LogDerivedDataCache: Loaded boot cache 0.09s 78MB C:/Users/carle/AppData/Local/UnrealEngine/4.24/DerivedDataCache/Boot.ddc.
[2020.03.10-09.20.37:973][  0]LogDerivedDataCache: Display: Loaded Boot cache: C:/Users/carle/AppData/Local/UnrealEngine/4.24/DerivedDataCache/Boot.ddc
[2020.03.10-09.20.37:973][  0]LogDerivedDataCache: FDerivedDataBackendGraph:  Pak pak cache file D:/Apunts/Motors/Motors-de-Joc/Pràctica_1/DerivedDataCache/DDC.ddp not found, will not use a pak cache.
[2020.03.10-09.20.37:973][  0]LogDerivedDataCache: Unable to find inner node Pak for hierarchical cache Hierarchy.
[2020.03.10-09.20.37:973][  0]LogDerivedDataCache: FDerivedDataBackendGraph:  CompressedPak pak cache file D:/Apunts/Motors/Motors-de-Joc/Pràctica_1/DerivedDataCache/Compressed.ddp not found, will not use a pak cache.
[2020.03.10-09.20.37:974][  0]LogDerivedDataCache: Unable to find inner node CompressedPak for hierarchical cache Hierarchy.
[2020.03.10-09.20.37:994][  0]LogDerivedDataCache: Display: Pak cache opened for reading ../../../Engine/DerivedDataCache/Compressed.ddp.
[2020.03.10-09.20.37:994][  0]LogDerivedDataCache: FDerivedDataBackendGraph:  EnterprisePak pak cache file ../../../Enterprise/DerivedDataCache/Compressed.ddp not found, will not use a pak cache.
[2020.03.10-09.20.37:994][  0]LogDerivedDataCache: Unable to find inner node EnterprisePak for hierarchical cache Hierarchy.
[2020.03.10-09.20.37:996][  0]LogDerivedDataCache: Using Local data cache path C:/Users/carle/AppData/Local/UnrealEngine/Common/DerivedDataCache: Writable
[2020.03.10-09.20.37:996][  0]LogDerivedDataCache: Shared data cache path not found in *engine.ini, will not use an Shared cache.
[2020.03.10-09.20.37:996][  0]LogDerivedDataCache: Unable to find inner node Shared for hierarchical cache Hierarchy.
[2020.03.10-09.20.38:045][  0]LogMaterial: Verifying Global Shaders for PCD3D_SM5
[2020.03.10-09.20.38:050][  0]LogSlate: Using FreeType 2.10.0
[2020.03.10-09.20.38:051][  0]LogSlate: SlateFontServices - WITH_FREETYPE: 1, WITH_HARFBUZZ: 1
[2020.03.10-09.20.38:170][  0]LogAssetRegistry: FAssetRegistry took 0.0042 seconds to start up
[2020.03.10-09.20.38:727][  0]LogInit: Selected Device Profile: [Windows]
[2020.03.10-09.20.39:022][  0]LogMeshReduction: Using QuadricMeshReduction for automatic static mesh reduction
[2020.03.10-09.20.39:022][  0]LogMeshReduction: Using SimplygonMeshReduction for automatic skeletal mesh reduction
[2020.03.10-09.20.39:022][  0]LogMeshReduction: Using ProxyLODMeshReduction for automatic mesh merging
[2020.03.10-09.20.39:022][  0]LogMeshReduction: No distributed automatic mesh merging module available
[2020.03.10-09.20.39:022][  0]LogMeshMerging: No distributed automatic mesh merging module available
[2020.03.10-09.20.39:048][  0]LogNetVersion: Pràctica_1 1.0.0, NetCL: 10570792, EngineNetVer: 13, GameNetVer: 0 (Checksum: 2357047548)
[2020.03.10-09.20.41:180][  0]LogPackageLocalizationCache: Processed 10 localized package path(s) for 1 prioritized culture(s) in 0.053249 seconds
[2020.03.10-09.20.41:190][  0]LogUObjectArray: 46750 objects as part of root set at end of initial load.
[2020.03.10-09.20.41:190][  0]LogUObjectAllocator: 8137160 out of 0 bytes used by permanent object pool.
[2020.03.10-09.20.41:190][  0]LogUObjectArray: CloseDisregardForGC: 0/0 objects in disregard for GC pool
[2020.03.10-09.20.41:944][  0]LogTcpMessaging: Initializing TcpMessaging bridge
[2020.03.10-09.20.41:949][  0]LogUdpMessaging: Initializing bridge on interface 0.0.0.0:0 to multicast group 230.0.0.1:6666.
[2020.03.10-09.20.42:035][  0]SourceControl: Source control is disabled
[2020.03.10-09.20.42:035][  0]SourceControl: Source control is disabled
[2020.03.10-09.20.42:037][  0]SourceControl: Source control is disabled
[2020.03.10-09.20.42:039][  0]SourceControl: Source control is disabled
[2020.03.10-09.20.42:040][  0]SourceControl: Source control is disabled
[2020.03.10-09.20.42:189][  0]LogAndroidPermission: UAndroidPermissionCallbackProxy::GetInstance
[2020.03.10-09.20.42:206][  0]LogAudioCaptureCore: Display: No Audio Capture implementations found. Audio input will be silent.
[2020.03.10-09.20.42:206][  0]LogAudioCaptureCore: Display: No Audio Capture implementations found. Audio input will be silent.
[2020.03.10-09.20.42:363][  0]LogOcInput: OculusInput pre-init called
[2020.03.10-09.20.42:375][  0]LogWindows: Failed to load 'OVRPlugin.dll' (GetLastError=126)
[2020.03.10-09.20.42:375][  0]LogWindows: File 'OVRPlugin.dll' does not exist
[2020.03.10-09.20.42:499][  0]LogEngine: Initializing Engine...
[2020.03.10-09.20.42:500][  0]LogHMD: Failed to initialize OpenVR with code 110
[2020.03.10-09.20.42:502][  0]LogStats: UGameplayTagsManager::InitializeManager -  0.000 s
[2020.03.10-09.20.43:123][  0]LogInit: Initializing FReadOnlyCVARCache
[2020.03.10-09.20.43:134][  0]LogAIModule: Creating AISystem for world Untitled
[2020.03.10-09.20.43:164][  0]LogAudioMixer: Display: Audio Mixer Platform Settings:
[2020.03.10-09.20.43:164][  0]LogAudioMixer: Display: 	Sample Rate:						  48000
[2020.03.10-09.20.43:164][  0]LogAudioMixer: Display: 	Callback Buffer Frame Size Requested: 1024
[2020.03.10-09.20.43:164][  0]LogAudioMixer: Display: 	Callback Buffer Frame Size To Use:	  1024
[2020.03.10-09.20.43:164][  0]LogAudioMixer: Display: 	Number of buffers to queue:			  2
[2020.03.10-09.20.43:164][  0]LogAudioMixer: Display: 	Max Channels (voices):				  32
[2020.03.10-09.20.43:164][  0]LogAudioMixer: Display: 	Number of Async Source Workers:		  0
[2020.03.10-09.20.43:164][  0]LogAudio: Display: AudioDevice MaxSources: 32
[2020.03.10-09.20.43:164][  0]LogAudio: Display: Using built-in audio occlusion.
[2020.03.10-09.20.43:164][  0]LogAudioMixer: Display: Initializing audio mixer.
[2020.03.10-09.20.43:221][  0]LogAudioMixer: Display: Audio Device Output Speaker Info:
[2020.03.10-09.20.43:221][  0]LogAudioMixer: Display: Name: Altavoz/Auricular (Realtek(R) Audio)
[2020.03.10-09.20.43:221][  0]LogAudioMixer: Display: Is Default: Yes
[2020.03.10-09.20.43:221][  0]LogAudioMixer: Display: Sample Rate: 48000
[2020.03.10-09.20.43:221][  0]LogAudioMixer: Display: Channel Count Used: 2
[2020.03.10-09.20.43:221][  0]LogAudioMixer: Display: Device Channel Count: 2
[2020.03.10-09.20.43:221][  0]LogAudioMixer: Display: Channel Order:
[2020.03.10-09.20.43:221][  0]LogAudioMixer: Display: 0: FrontLeft
[2020.03.10-09.20.43:221][  0]LogAudioMixer: Display: 1: FrontRight
[2020.03.10-09.20.43:279][  0]LogAudioMixer: Display: Using Audio Device Altavoz/Auricular (Realtek(R) Audio)
[2020.03.10-09.20.43:290][  0]LogInit: FAudioDevice initialized.
[2020.03.10-09.20.43:291][  0]LogNetVersion: Set ProjectVersion to 1.0.0.0. Version Checksum will be recalculated on next use.
[2020.03.10-09.20.43:388][  0]LogDerivedDataCache: Saved boot cache 0.10s 78MB C:/Users/carle/AppData/Local/UnrealEngine/4.24/DerivedDataCache/Boot.ddc.
[2020.03.10-09.20.43:389][  0]LogInit: Texture streaming: Enabled
[2020.03.10-09.20.43:410][  0]LogEngineSessionManager: EngineSessionManager initialized
[2020.03.10-09.20.43:410][  0]LogEditorSessionSummary: Verbose: Initializing EditorSessionSummaryWriter for editor session tracking
[2020.03.10-09.20.43:430][  0]LogEditorSessionSummary: EditorSessionSummaryWriter initialized
[2020.03.10-09.20.43:502][  0]LogInit: Transaction tracking system initialized
[2020.03.10-09.20.43:520][  0]BlueprintLog: New page: Editor Load
[2020.03.10-09.20.43:570][  0]LocalizationService: Localization service is disabled
[2020.03.10-09.20.44:204][  0]LogFileCache: Scanning file cache for directory 'D:/Apunts/Motors/Motors-de-Joc/Pràctica_1/Content/' took 0.03s
[2020.03.10-09.20.44:204][  0]LogCook: Display: Max memory allowance for cook 16384mb min free memory 0mb
[2020.03.10-09.20.44:204][  0]LogCook: Display: Mobile HDR setting 1
[2020.03.10-09.20.45:643][  0]SourceControl: Source control is disabled
[2020.03.10-09.20.45:643][  0]Cmd: MAP LOAD FILE="D:/Apunts/Motors/Motors-de-Joc/Pràctica_1/Content/Levels/MainMenu.umap" TEMPLATE=0 SHOWPROGRESS=1 FEATURELEVEL=3
[2020.03.10-09.20.45:644][  0]LightingResults: New page: Lighting Build
[2020.03.10-09.20.45:645][  0]LogWorld: UWorld::CleanupWorld for Untitled, bSessionEnded=true, bCleanupResources=true
[2020.03.10-09.20.45:645][  0]LogSlate: InvalidateAllWidgets triggered.  All widgets were invalidated
[2020.03.10-09.20.45:645][  0]MapCheck: New page: Map Check
[2020.03.10-09.20.45:645][  0]LightingResults: New page: Lighting Build
[2020.03.10-09.20.45:672][  0]LogUObjectHash: Compacting FUObjectHashTables data took   1.73ms
[2020.03.10-09.20.45:701][  0]LogAIModule: Creating AISystem for world MainMenu
[2020.03.10-09.20.45:702][  0]LogEditorServer: Finished looking for orphan Actors (0.000 secs)
[2020.03.10-09.20.45:727][  0]LogUObjectHash: Compacting FUObjectHashTables data took   1.93ms
[2020.03.10-09.20.45:727][  0]Cmd: MAP CHECKDEP NOCLEARLOG
[2020.03.10-09.20.45:728][  0]MapCheck: Map check complete: 0 Error(s), 0 Warning(s), took 0,101ms to complete.
[2020.03.10-09.20.45:728][  0]LogFileHelpers: Loading map 'MainMenu' took 0.084
[2020.03.10-09.20.45:931][  0]LogSlate: Updating window title bar state: overlay mode, drag disabled, window buttons hidden, title bar hidden
[2020.03.10-09.20.45:939][  0]LogSlate: Updating window title bar state: overlay mode, drag disabled, window buttons hidden, title bar hidden
[2020.03.10-09.20.45:946][  0]LogSlate: Updating window title bar state: overlay mode, drag disabled, window buttons hidden, title bar hidden
[2020.03.10-09.20.45:952][  0]LogSlate: Updating window title bar state: overlay mode, drag disabled, window buttons hidden, title bar hidden
[2020.03.10-09.20.45:968][  0]LogCollectionManager: Loaded 0 collections in 0.002724 seconds
[2020.03.10-09.20.45:993][  0]LogFileCache: Scanning file cache for directory 'D:/Apunts/Motors/Motors-de-Joc/Pràctica_1/Saved/Collections/' took 0.00s
[2020.03.10-09.20.45:993][  0]LogFileCache: Scanning file cache for directory 'D:/Apunts/Motors/Motors-de-Joc/Pràctica_1/Content/Developers/carle/Collections/' took 0.00s
[2020.03.10-09.20.45:993][  0]LogFileCache: Scanning file cache for directory 'D:/Apunts/Motors/Motors-de-Joc/Pràctica_1/Content/Collections/' took 0.00s
[2020.03.10-09.20.45:993][  0]LogContentBrowser: Native class hierarchy populated in 0.0090 seconds. Added 3017 classes and 720 folders.
[2020.03.10-09.20.46:000][  0]LogContentBrowser: Native class hierarchy updated for 'WidgetCarousel' in 0.0002 seconds. Added 0 classes and 0 folders.
[2020.03.10-09.20.46:142][  0]LogContentBrowser: Native class hierarchy updated for 'AddContentDialog' in 0.0002 seconds. Added 0 classes and 0 folders.
[2020.03.10-09.20.46:330][  0]LogSlate: Took 0.000671 seconds to synchronously load lazily loaded font '../../../Engine/Content/Slate/Fonts/Roboto-Regular.ttf' (155K)
[2020.03.10-09.20.46:336][  0]LogSlate: Took 0.000409 seconds to synchronously load lazily loaded font '../../../Engine/Content/Slate/Fonts/Roboto-Bold.ttf' (160K)
[2020.03.10-09.20.46:340][  0]LogSlate: Took 0.000922 seconds to synchronously load lazily loaded font '../../../Engine/Content/Editor/Slate/Fonts/FontAwesome.ttf' (139K)
[2020.03.10-09.20.46:411][  0]LogRenderer: Reallocating scene render targets to support 924x416 Format 10 NumSamples 1 (Frame:1).
[2020.03.10-09.20.46:562][  0]LogContentBrowser: Native class hierarchy updated for 'HierarchicalLODOutliner' in 0.0003 seconds. Added 0 classes and 0 folders.
[2020.03.10-09.20.46:562][  0]LogLoad: (Engine Initialization) Total time: 17.09 seconds
[2020.03.10-09.20.46:562][  0]LogLoad: (Engine Initialization) Total Blueprint compile time: 0.00 seconds
[2020.03.10-09.20.46:662][  0]LogContentStreaming: Texture pool size now 1000 MB
[2020.03.10-09.20.46:680][  0]LogSlate: Took 0.000578 seconds to synchronously load lazily loaded font '../../../Engine/Content/Slate/Fonts/Roboto-Light.ttf' (167K)
[2020.03.10-09.20.46:690][  1]LogFileCache: Retrieving MD5 hashes for directory 'D:/Apunts/Motors/Motors-de-Joc/Pràctica_1/Content/' took 0.10s
[2020.03.10-09.20.46:957][  5]LogAssetRegistry: Asset discovery search completed in 8.7874 seconds
[2020.03.10-09.20.46:961][  5]LogCollectionManager: Fixed up redirectors for 0 collections in 0.000008 seconds (updated 0 objects)
[2020.03.10-09.23.48:356][205]LogSlate: Took 0.001259 seconds to synchronously load lazily loaded font '../../../Engine/Content/Slate/Fonts/Roboto-Light.ttf' (167K)
[2020.03.10-09.23.55:107][309]LogAIModule: Creating AISystem for world Level1
[2020.03.10-09.24.01:722][676]LogSlate: Window 'Project Settings' being destroyed
[2020.03.10-09.24.01:729][676]LogSlate: Window 'Project Settings' being destroyed
[2020.03.10-09.24.07:487][917]LogAssetEditorSubsystem: Opening Asset editor for World /Game/Levels/Level1.Level1
[2020.03.10-09.24.07:522][917]LogUObjectHash: Compacting FUObjectHashTables data took   2.12ms
[2020.03.10-09.24.07:531][917]Cmd: MAP LOAD FILE="D:/Apunts/Motors/Motors-de-Joc/Pràctica_1/Content/Levels/Level1.umap" TEMPLATE=0 SHOWPROGRESS=1 FEATURELEVEL=3
[2020.03.10-09.24.07:531][917]LightingResults: New page: Lighting Build
[2020.03.10-09.24.07:532][917]LoadErrors: New page: Loading map: Level1.umap
[2020.03.10-09.24.07:532][917]LogWorld: UWorld::CleanupWorld for MainMenu, bSessionEnded=true, bCleanupResources=true
[2020.03.10-09.24.07:532][917]LogSlate: InvalidateAllWidgets triggered.  All widgets were invalidated
[2020.03.10-09.24.07:532][917]MapCheck: New page: Map Check
[2020.03.10-09.24.07:532][917]LightingResults: New page: Lighting Build
[2020.03.10-09.24.07:555][917]LogUObjectHash: Compacting FUObjectHashTables data took   2.03ms
[2020.03.10-09.24.07:610][917]LogPhysics: Warning: Scale for /Game/Levels/Level1.Level1:PersistentLevel.CDoorBlueprint_2.Door has a component set to zero, which will result in a bad body instance. Scale:X=1.500 Y=0.000 Z=2.500
[2020.03.10-09.24.07:610][917]LogPhysics: Warning: PopulatePhysXGeometryAndTransform(Convex): ConvexElem has invalid transform
[2020.03.10-09.24.07:610][917]LogPhysics: Warning: ForeachShape(Convex): ScaledElem[0] invalid
[2020.03.10-09.24.07:624][917]LogPhysics: Warning: Scale for /Game/Levels/Level1.Level1:PersistentLevel.CDoorBlueprint_2.Door has a component set to zero, which will result in a bad body instance. Scale:X=1.500 Y=0.000 Z=2.500
[2020.03.10-09.24.07:624][917]LogPhysics: Warning: PopulatePhysXGeometryAndTransform(Convex): ConvexElem has invalid transform
[2020.03.10-09.24.07:624][917]LogPhysics: Warning: ForeachShape(Convex): ScaledElem[0] invalid
[2020.03.10-09.24.07:625][917]LogPhysics: Warning: Scale for /Game/Levels/Level1.Level1:PersistentLevel.CDoorBlueprint_2.Door has a component set to zero, which will result in a bad body instance. Scale:X=1.500 Y=0.000 Z=2.500
[2020.03.10-09.24.07:625][917]LogPhysics: Warning: PopulatePhysXGeometryAndTransform(Convex): ConvexElem has invalid transform
[2020.03.10-09.24.07:625][917]LogPhysics: Warning: ForeachShape(Convex): ScaledElem[0] invalid
[2020.03.10-09.24.07:625][917]LogPhysics: Warning: Scale for /Game/Levels/Level1.Level1:PersistentLevel.CDoorBlueprint_2.Door has a component set to zero, which will result in a bad body instance. Scale:X=1.500 Y=0.000 Z=2.500
[2020.03.10-09.24.07:625][917]LogPhysics: Warning: PopulatePhysXGeometryAndTransform(Convex): ConvexElem has invalid transform
[2020.03.10-09.24.07:625][917]LogPhysics: Warning: ForeachShape(Convex): ScaledElem[0] invalid
[2020.03.10-09.24.07:787][917]LogEditorServer: Finished looking for orphan Actors (0.000 secs)
[2020.03.10-09.24.07:819][917]LogUObjectHash: Compacting FUObjectHashTables data took   1.90ms
[2020.03.10-09.24.07:836][917]Cmd: MAP CHECKDEP NOCLEARLOG
[2020.03.10-09.24.07:837][917]MapCheck: Map check complete: 0 Error(s), 0 Warning(s), took 0,081ms to complete.
[2020.03.10-09.24.07:837][917]LogFileHelpers: Loading map 'Level1' took 0.306
[2020.03.10-09.27.02:432][ 34]LogAssetEditorSubsystem: Opening Asset editor for Blueprint /Game/Blueprints/FPS_BPCharacter.FPS_BPCharacter
[2020.03.10-09.27.02:769][ 34]LogContentBrowser: Native class hierarchy updated for 'BlueprintGraph' in 0.0009 seconds. Added 121 classes and 0 folders.
[2020.03.10-09.27.04:503][ 34]LogSlate: Took 0.000408 seconds to synchronously load lazily loaded font '../../../Engine/Content/Slate/Fonts/Roboto-BoldCondensed.ttf' (158K)
[2020.03.10-09.27.04:854][ 35]LogSlate: Took 0.000914 seconds to synchronously load lazily loaded font '../../../Engine/Content/Slate/Fonts/Roboto-Italic.ttf' (157K)
[2020.03.10-09.56.17:609][825]LogUObjectHash: Compacting FUObjectHashTables data took   3.19ms
[2020.03.10-09.56.17:613][825]LogFileHelpers: Editor autosave (incl. sublevels) for '/Game/Levels/Level1' took 0.037
[2020.03.10-09.56.17:617][825]OBJ SavePackage: Generating thumbnails for [1] asset(s) in package [/Game/Blueprints/FPS_BPCharacter] ([1] browsable assets)...
[2020.03.10-09.56.17:699][825]OBJ SavePackage:     Rendered thumbnail for [Blueprint /Game/Blueprints/FPS_BPCharacter.FPS_BPCharacter]
[2020.03.10-09.56.17:699][825]OBJ SavePackage: Finished generating thumbnails for package [/Game/Blueprints/FPS_BPCharacter]
[2020.03.10-09.56.17:699][825]Cmd: OBJ SAVEPACKAGE PACKAGE="/Game/Blueprints/FPS_BPCharacter" FILE="D:/Apunts/Motors/Motors-de-Joc/Pràctica_1/Saved/Autosaves/Game/Blueprints/FPS_BPCharacter_Auto1.uasset" SILENT=false AUTOSAVING=true
[2020.03.10-09.56.17:793][825]LogSavePackage: Moving 'D:/Apunts/Motors/Motors-de-Joc/Pràctica_1/Saved/FPS_BPCharacter_Auto1822F549846F44AFD02E65382426B66F4.tmp' to 'D:/Apunts/Motors/Motors-de-Joc/Pràctica_1/Saved/Autosaves/Game/Blueprints/FPS_BPCharacter_Auto1.uasset'
[2020.03.10-09.56.17:796][825]LogFileHelpers: Auto-saving content packages took 0.182
[2020.03.10-10.00.04:455][648]LogAssetEditorSubsystem: Opening Asset editor for Blueprint /Game/Saving/Save.Save
[2020.03.10-10.00.25:296][147]LogSlate: Took 0.008340 seconds to synchronously load lazily loaded font '../../../Engine/Content/Slate/Fonts/Roboto-BoldCondensedItalic.ttf' (160K)
[2020.03.10-10.01.31:642][685]LogSlate: Window 'Save' being destroyed
[2020.03.10-10.01.33:050][764]Cmd: OBJ SAVEPACKAGE PACKAGE="/Game/Saving/Save" FILE="D:/Apunts/Motors/Motors-de-Joc/Pràctica_1/Content/Saving/Save.uasset" SILENT=true
[2020.03.10-10.01.33:059][764]LogSavePackage: Moving 'D:/Apunts/Motors/Motors-de-Joc/Pràctica_1/Saved/SaveB4157C5A4B93D8EE1BA37BAB639B9FCE.tmp' to 'D:/Apunts/Motors/Motors-de-Joc/Pràctica_1/Content/Saving/Save.uasset'
[2020.03.10-10.01.33:079][764]AssetCheck: New page: Asset Save: Save
[2020.03.10-10.01.33:079][764]LogContentValidation: Display: Validating Blueprint /Game/Saving/Save.Save
[2020.03.10-10.01.33:595][795]BlueprintLog: New page: Compile Save
[2020.03.10-10.01.33:635][795]LogUObjectHash: Compacting FUObjectHashTables data took   3.09ms
[2020.03.10-10.01.35:483][903]BlueprintLog: New page: Compile FPS_BPCharacter
[2020.03.10-10.01.35:755][903]LogUObjectHash: Compacting FUObjectHashTables data took   3.43ms
[2020.03.10-10.05.25:259][685]BlueprintLog: New page: Compile FPS_BPCharacter
[2020.03.10-10.05.25:543][685]LogUObjectHash: Compacting FUObjectHashTables data took   4.52ms
[2020.03.10-10.05.26:284][717]Cmd: OBJ SAVEPACKAGE PACKAGE="/Game/Blueprints/FPS_BPCharacter" FILE="D:/Apunts/Motors/Motors-de-Joc/Pràctica_1/Content/Blueprints/FPS_BPCharacter.uasset" SILENT=true
[2020.03.10-10.05.26:384][717]LogSavePackage: Moving 'D:/Apunts/Motors/Motors-de-Joc/Pràctica_1/Saved/FPS_BPCharacter247A96AB405E8A4854ADC580170F94E6.tmp' to 'D:/Apunts/Motors/Motors-de-Joc/Pràctica_1/Content/Blueprints/FPS_BPCharacter.uasset'
[2020.03.10-10.05.26:405][717]AssetCheck: New page: Asset Save: FPS_BPCharacter
[2020.03.10-10.05.26:405][717]LogContentValidation: Display: Validating Blueprint /Game/Blueprints/FPS_BPCharacter.FPS_BPCharacter
[2020.03.10-10.05.40:103][344]Cmd: OBJ SAVEPACKAGE PACKAGE="/Game/Blueprints/FPS_BPCharacter" FILE="D:/Apunts/Motors/Motors-de-Joc/Pràctica_1/Content/Blueprints/FPS_BPCharacter.uasset" SILENT=true
[2020.03.10-10.05.40:170][344]LogSavePackage: Moving 'D:/Apunts/Motors/Motors-de-Joc/Pràctica_1/Saved/FPS_BPCharacter1B48247440265ABD6B62ABB721BA0EFC.tmp' to 'D:/Apunts/Motors/Motors-de-Joc/Pràctica_1/Content/Blueprints/FPS_BPCharacter.uasset'
[2020.03.10-10.05.40:192][344]AssetCheck: New page: Asset Save: FPS_BPCharacter
[2020.03.10-10.05.40:192][344]LogContentValidation: Display: Validating Blueprint /Game/Blueprints/FPS_BPCharacter.FPS_BPCharacter
[2020.03.10-10.08.25:827][ 59]BlueprintLog: New page: Compile FPS_BPCharacter
[2020.03.10-10.08.26:193][ 59]LogUObjectHash: Compacting FUObjectHashTables data took   5.54ms
[2020.03.10-10.08.27:418][122]Cmd: OBJ SAVEPACKAGE PACKAGE="/Game/Blueprints/FPS_BPCharacter" FILE="D:/Apunts/Motors/Motors-de-Joc/Pràctica_1/Content/Blueprints/FPS_BPCharacter.uasset" SILENT=true
[2020.03.10-10.08.27:506][122]LogSavePackage: Moving 'D:/Apunts/Motors/Motors-de-Joc/Pràctica_1/Saved/FPS_BPCharacterB0977C8640C968F5E9AA40A700C3D4B3.tmp' to 'D:/Apunts/Motors/Motors-de-Joc/Pràctica_1/Content/Blueprints/FPS_BPCharacter.uasset'
[2020.03.10-10.08.27:526][122]AssetCheck: New page: Asset Save: FPS_BPCharacter
[2020.03.10-10.08.27:526][122]LogContentValidation: Display: Validating Blueprint /Game/Blueprints/FPS_BPCharacter.FPS_BPCharacter
[2020.03.10-10.08.53:381][478]LogTemp: Repeating last play command: Selected Viewport
[2020.03.10-10.08.53:397][478]LogBlueprintUserMessages: Early PlayInEditor Detection: Level '/Game/Levels/Level1.Level1:PersistentLevel' has LevelScriptBlueprint '/Game/Levels/Level1.Level1:PersistentLevel.Level1' with GeneratedClass '/Game/Levels/Level1.Level1_C' with ClassGeneratedBy '/Game/Levels/Level1.Level1:PersistentLevel.Level1'
[2020.03.10-10.08.53:397][478]LogPlayLevel: PlayLevel: No blueprints needed recompiling
[2020.03.10-10.08.53:398][478]PIE: New page: PIE session: Level1 (10 mar. 2020 12:08:53)
[2020.03.10-10.08.53:400][478]LogOnline: OSS: Creating online subsystem instance for: NULL
[2020.03.10-10.08.53:401][478]LogOnline: OSS: TryLoadSubsystemAndSetDefault: Loaded subsystem for module [NULL]
[2020.03.10-10.08.53:402][478]LogPlayLevel: Creating play world package: /Game/Levels/UEDPIE_0_Level1
[2020.03.10-10.08.53:496][478]LogPlayLevel: PIE: StaticDuplicateObject took: (0.094720s)
[2020.03.10-10.08.53:497][478]LogAIModule: Creating AISystem for world Level1
[2020.03.10-10.08.53:497][478]LogPlayLevel: PIE: World Init took: (0.000907s)
[2020.03.10-10.08.53:497][478]LogPlayLevel: PIE: Created PIE world by copying editor world from /Game/Levels/Level1.Level1 to /Game/Levels/UEDPIE_0_Level1.Level1 (0.095893s)
[2020.03.10-10.08.53:532][478]LogUObjectHash: Compacting FUObjectHashTables data took   3.38ms
[2020.03.10-10.08.53:534][478]LogAudioMixer: Display: Audio Mixer Platform Settings:
[2020.03.10-10.08.53:534][478]LogAudioMixer: Display: 	Sample Rate:						  48000
[2020.03.10-10.08.53:534][478]LogAudioMixer: Display: 	Callback Buffer Frame Size Requested: 1024
[2020.03.10-10.08.53:534][478]LogAudioMixer: Display: 	Callback Buffer Frame Size To Use:	  1024
[2020.03.10-10.08.53:534][478]LogAudioMixer: Display: 	Number of buffers to queue:			  2
[2020.03.10-10.08.53:534][478]LogAudioMixer: Display: 	Max Channels (voices):				  32
[2020.03.10-10.08.53:534][478]LogAudioMixer: Display: 	Number of Async Source Workers:		  0
[2020.03.10-10.08.53:534][478]LogAudio: Display: AudioDevice MaxSources: 32
[2020.03.10-10.08.53:535][478]LogAudio: Display: Using built-in audio occlusion.
[2020.03.10-10.08.53:535][478]LogAudioMixer: Display: Initializing audio mixer.
[2020.03.10-10.08.53:550][478]LogAudioMixer: Display: Audio Device Output Speaker Info:
[2020.03.10-10.08.53:550][478]LogAudioMixer: Display: Name: Altavoz/Auricular (Realtek(R) Audio)
[2020.03.10-10.08.53:550][478]LogAudioMixer: Display: Is Default: Yes
[2020.03.10-10.08.53:550][478]LogAudioMixer: Display: Sample Rate: 48000
[2020.03.10-10.08.53:550][478]LogAudioMixer: Display: Channel Count Used: 2
[2020.03.10-10.08.53:550][478]LogAudioMixer: Display: Device Channel Count: 2
[2020.03.10-10.08.53:550][478]LogAudioMixer: Display: Channel Order:
[2020.03.10-10.08.53:550][478]LogAudioMixer: Display: 0: FrontLeft
[2020.03.10-10.08.53:550][478]LogAudioMixer: Display: 1: FrontRight
[2020.03.10-10.08.53:567][478]LogAudioMixer: Display: Using Audio Device Altavoz/Auricular (Realtek(R) Audio)
[2020.03.10-10.08.53:568][478]LogInit: FAudioDevice initialized.
[2020.03.10-10.08.53:580][478]LogLoad: Game class is 'FPS_BPGameMode_C'
[2020.03.10-10.08.53:585][478]LogPhysics: Warning: Scale for /Game/Levels/UEDPIE_0_Level1.Level1:PersistentLevel.CDoorBlueprint_2.Door has a component set to zero, which will result in a bad body instance. Scale:X=1.500 Y=0.000 Z=2.500
[2020.03.10-10.08.53:585][478]LogPhysics: Warning: PopulatePhysXGeometryAndTransform(Convex): ConvexElem has invalid transform
[2020.03.10-10.08.53:585][478]LogPhysics: Warning: ForeachShape(Convex): ScaledElem[0] invalid
[2020.03.10-10.08.53:592][478]LogWorld: Bringing World /Game/Levels/UEDPIE_0_Level1.Level1 up for play (max tick rate 60) at 2020.03.10-11.08.53
[2020.03.10-10.08.53:595][478]LogWorld: Bringing up level for play took: 0.012300
[2020.03.10-10.08.53:595][478]LogOnline: OSS: Creating online subsystem instance for: :Context_14
[2020.03.10-10.08.53:608][478]LogContentBrowser: Native class hierarchy updated for 'MovieSceneCapture' in 0.0004 seconds. Added 20 classes and 0 folders.
[2020.03.10-10.08.53:618][478]PIE: Play in editor start time for /Game/Levels/UEDPIE_0_Level1 0,097
[2020.03.10-10.08.53:618][478]LogBlueprintUserMessages: Late PlayInEditor Detection: Level '/Game/Levels/Level1.Level1:PersistentLevel' has LevelScriptBlueprint '/Game/Levels/Level1.Level1:PersistentLevel.Level1' with GeneratedClass '/Game/Levels/Level1.Level1_C' with ClassGeneratedBy '/Game/Levels/Level1.Level1:PersistentLevel.Level1'
[2020.03.10-10.08.55:617][520]LogBlueprintUserMessages: [FPS_BPCharacter_C_0] SM_House_single72
[2020.03.10-10.08.56:645][541]LogBlueprintUserMessages: [FPS_BPCharacter_C_0] Landscape2
[2020.03.10-10.08.57:316][557]LogBlueprintUserMessages: [FPS_BPCharacter_C_0] Landscape2
[2020.03.10-10.08.57:844][570]LogBlueprintUserMessages: [FPS_BPCharacter_C_0] Landscape2
[2020.03.10-10.09.01:295][723]LogBlueprintUserMessages: [FPS_BPCharacter_C_0] Game Saved!
[2020.03.10-10.09.03:391][849]LogBlueprintUserMessages: [FPS_BPCharacter_C_0] No Savedata Avalible
[2020.03.10-10.09.04:063][889]LogBlueprintUserMessages: [FPS_BPCharacter_C_0] No Savedata Avalible
[2020.03.10-10.09.04:296][903]LogBlueprintUserMessages: [FPS_BPCharacter_C_0] No Savedata Avalible
[2020.03.10-10.09.04:481][914]LogBlueprintUserMessages: [FPS_BPCharacter_C_0] No Savedata Avalible
[2020.03.10-10.09.05:615][982]LogAudioMixer: Display: No commands were queued while flushing the source manager.
[2020.03.10-10.09.05:615][982]LogAudioMixer: Display: No commands were queued while flushing the source manager.
[2020.03.10-10.09.05:615][982]LogBlueprintUserMessages: Early EndPlayMap Detection: Level '/Game/Levels/Level1.Level1:PersistentLevel' has LevelScriptBlueprint '/Game/Levels/Level1.Level1:PersistentLevel.Level1' with GeneratedClass '/Game/Levels/Level1.Level1_C' with ClassGeneratedBy '/Game/Levels/Level1.Level1:PersistentLevel.Level1'
[2020.03.10-10.09.05:623][982]LogSlate: Updating window title bar state: overlay mode, drag disabled, window buttons hidden, title bar hidden
[2020.03.10-10.09.05:623][982]LogWorld: BeginTearingDown for /Game/Levels/UEDPIE_0_Level1
[2020.03.10-10.09.05:624][982]LogAudioMixer: Display: No commands were queued while flushing the source manager.
[2020.03.10-10.09.05:624][982]LogWorld: UWorld::CleanupWorld for Level1, bSessionEnded=true, bCleanupResources=true
[2020.03.10-10.09.05:627][982]LogSlate: InvalidateAllWidgets triggered.  All widgets were invalidated
[2020.03.10-10.09.05:640][982]LogPlayLevel: Display: Shutting down PIE online subsystems
[2020.03.10-10.09.05:640][982]LogBlueprintUserMessages: Late EndPlayMap Detection: Level '/Game/Levels/Level1.Level1:PersistentLevel' has LevelScriptBlueprint '/Game/Levels/Level1.Level1:PersistentLevel.Level1' with GeneratedClass '/Game/Levels/Level1.Level1_C' with ClassGeneratedBy '/Game/Levels/Level1.Level1:PersistentLevel.Level1'
[2020.03.10-10.09.05:648][982]LogSlate: InvalidateAllWidgets triggered.  All widgets were invalidated
[2020.03.10-10.09.05:724][982]LogAudioMixer: Display: No commands were queued while flushing the source manager.
[2020.03.10-10.09.05:729][982]LogSlate: Updating window title bar state: overlay mode, drag disabled, window buttons hidden, title bar hidden
[2020.03.10-10.09.05:790][982]LogUObjectHash: Compacting FUObjectHashTables data took   7.67ms
[2020.03.10-10.09.05:852][983]LogPlayLevel: Display: Destroying online subsystem :Context_14
